#
# A fatal error has been detected by the Java Runtime Environment:
#
#  EXCEPTION_UNCAUGHT_CXX_EXCEPTION (0xe06d7363) at pc=0x00007ffa18bca799, pid=7520, tid=0x000000000000356c
#
# JRE version: Java(TM) SE Runtime Environment (8.0_241-b07) (build 1.8.0_241-b07)
# Java VM: Java HotSpot(TM) 64-Bit Server VM (25.241-b07 mixed mode windows-amd64 compressed oops)
# Problematic frame:
# C  [KERNELBASE.dll+0x3a799]
#
# Failed to write core dump. Minidumps are not enabled by default on client versions of Windows
#
# If you would like to submit a bug report, please visit:
#   http://bugreport.java.com/bugreport/crash.jsp
# The crash happened outside the Java Virtual Machine in native code.
# See problematic frame for where to report the bug.
#

---------------  T H R E A D  ---------------

Current thread (0x0000000002fc2800):  JavaThread "main" [_thread_in_native, id=13676, stack(0x0000000002d80000,0x0000000002e80000)]

siginfo: ExceptionCode=0xe06d7363, ExceptionInformation=0x0000000019930520 0x0000000002e64200 0x00007ff9e3416b50 0x00007ff9e33b0000 

Registers:
RAX=0x0000000000000000, RBX=0x00007ff9e3416b50, RCX=0x0000000000000000, RDX=0x0000000000000000
RSP=0x0000000002e64070, RBP=0x0000000002e641b0, RSI=0x0000000002e644a0, RDI=0x0000000002e64200
R8 =0x0000000000000000, R9 =0x000000000000000d, R10=0x0000000000000000, R11=0x0000000000000000
R12=0x0000000000000000, R13=0x0000000000000000, R14=0x0000000000000000, R15=0x0000000002e78730
RIP=0x00007ffa18bca799, EFLAGS=0x0000000000000202

Top of Stack: (sp=0x0000000002e64070)
0x0000000002e64070:   0000000002e642d0 00007ff9e3416b50
0x0000000002e64080:   0000000002e644a0 0000000002e64080
0x0000000002e64090:   00000001e06d7363 0000000000000000
0x0000000002e640a0:   00007ffa18bca799 0000000000000004
0x0000000002e640b0:   0000000019930520 0000000002e64200
0x0000000002e640c0:   00007ff9e3416b50 00007ff9e33b0000
0x0000000002e640d0:   0000000000000000 0000000000000000
0x0000000002e640e0:   0000000002e644a0 0000000002e641b0
0x0000000002e640f0:   0000000002e641c0 00007ffa1b49f41f
0x0000000002e64100:   0000000002e64200 0000000000000000
0x0000000002e64110:   0000000000000001 00007ff9dab723fe
0x0000000002e64120:   00007ff9e341d000 00007ff9e33b0000
0x0000000002e64130:   0000c8abbf480a2b 00007ffa1b48bb47
0x0000000002e64140:   00007ff9e3416b50 00007ff9f038486d
0x0000000002e64150:   01d6724968f8e08d 0000000002e64238
0x0000000002e64160:   0000000002e644a0 0000000013ceb978 

Instructions: (pc=0x00007ffa18bca799)
0x00007ffa18bca779:   8b d1 44 0f 47 c0 44 89 44 24 38 49 c1 e0 03 e8
0x00007ffa18bca789:   da 4e 05 00 48 8d 4c 24 20 48 ff 15 0f c8 16 00
0x00007ffa18bca799:   0f 1f 44 00 00 48 8b 8c 24 c0 00 00 00 48 33 cc
0x00007ffa18bca7a9:   e8 72 ef 04 00 48 81 c4 d8 00 00 00 c3 83 64 24 


Register to memory mapping:

RAX=0x0000000000000000 is an unknown value
RBX=0x00007ff9e3416b50 is an unknown value
RCX=0x0000000000000000 is an unknown value
RDX=0x0000000000000000 is an unknown value
RSP=0x0000000002e64070 is pointing into the stack for thread: 0x0000000002fc2800
RBP=0x0000000002e641b0 is pointing into the stack for thread: 0x0000000002fc2800
RSI=0x0000000002e644a0 is pointing into the stack for thread: 0x0000000002fc2800
RDI=0x0000000002e64200 is pointing into the stack for thread: 0x0000000002fc2800
R8 =0x0000000000000000 is an unknown value
R9 =0x000000000000000d is an unknown value
R10=0x0000000000000000 is an unknown value
R11=0x0000000000000000 is an unknown value
R12=0x0000000000000000 is an unknown value
R13=0x0000000000000000 is an unknown value
R14=0x0000000000000000 is an unknown value
R15=0x0000000002e78730 is pointing into the stack for thread: 0x0000000002fc2800


Stack: [0x0000000002d80000,0x0000000002e80000],  sp=0x0000000002e64070,  free space=912k
Native frames: (J=compiled Java code, j=interpreted, Vv=VM code, C=native code)
C  [KERNELBASE.dll+0x3a799]
C  [VCRUNTIME140.dll+0x486d]
C  [DrivingInterface.dll+0x4671c]
C  [DrivingInterface.dll+0x2d9f6]
C  [DrivingInterface.dll+0x30888]
C  [DrivingInterface.dll+0x11f92]
C  [DrivingInterface.dll+0x102dc]
C  [DrivingInterface.dll+0x28493]
C  0x00000000030e1df0

Java frames: (J=compiled Java code, j=interpreted, Vv=VM code)
j  MyCar.StartDriving()V+0
j  MyCar.main([Ljava/lang/String;)V+13
v  ~StubRoutines::call_stub

---------------  P R O C E S S  ---------------

Java Threads: ( => current thread )
  0x000000001ebda000 JavaThread "Service Thread" daemon [_thread_blocked, id=11392, stack(0x000000001f810000,0x000000001f910000)]
  0x000000001eb53800 JavaThread "C1 CompilerThread3" daemon [_thread_blocked, id=13540, stack(0x000000001f710000,0x000000001f810000)]
  0x000000001eb51000 JavaThread "C2 CompilerThread2" daemon [_thread_blocked, id=432, stack(0x000000001f610000,0x000000001f710000)]
  0x000000001eb4c000 JavaThread "C2 CompilerThread1" daemon [_thread_blocked, id=15312, stack(0x000000001f510000,0x000000001f610000)]
  0x000000001eb48800 JavaThread "C2 CompilerThread0" daemon [_thread_blocked, id=11148, stack(0x000000001f410000,0x000000001f510000)]
  0x000000001eaae000 JavaThread "JDWP Command Reader" daemon [_thread_in_native, id=16416, stack(0x000000001f310000,0x000000001f410000)]
  0x000000001eaab000 JavaThread "JDWP Event Helper Thread" daemon [_thread_blocked, id=15776, stack(0x000000001f210000,0x000000001f310000)]
  0x000000001eaa0800 JavaThread "JDWP Transport Listener: dt_socket" daemon [_thread_blocked, id=15328, stack(0x000000001f110000,0x000000001f210000)]
  0x000000001ea97800 JavaThread "Attach Listener" daemon [_thread_blocked, id=4636, stack(0x000000001f010000,0x000000001f110000)]
  0x000000001ea4a000 JavaThread "Signal Dispatcher" daemon [_thread_blocked, id=17112, stack(0x000000001ef10000,0x000000001f010000)]
  0x000000001ea30800 JavaThread "Finalizer" daemon [_thread_blocked, id=11652, stack(0x000000001ee10000,0x000000001ef10000)]
  0x000000001cb1d800 JavaThread "Reference Handler" daemon [_thread_blocked, id=3472, stack(0x000000001e910000,0x000000001ea10000)]
=>0x0000000002fc2800 JavaThread "main" [_thread_in_native, id=13676, stack(0x0000000002d80000,0x0000000002e80000)]

Other Threads:
  0x000000001cb19000 VMThread [stack: 0x000000001e810000,0x000000001e910000] [id=5984]
  0x000000001eb36800 WatcherThread [stack: 0x000000001f910000,0x000000001fa10000] [id=3960]

VM state:not at safepoint (normal execution)

VM Mutex/Monitor currently owned by a thread: None

heap address: 0x00000006c1400000, size: 4076 MB, Compressed Oops mode: Zero based, Oop shift amount: 3
Narrow klass base: 0x0000000000000000, Narrow klass shift: 3
Compressed class space size: 1073741824 Address: 0x00000007c0000000

Heap:
 PSYoungGen      total 76288K, used 7895K [0x000000076b180000, 0x0000000770680000, 0x00000007c0000000)
  eden space 65536K, 12% used [0x000000076b180000,0x000000076b935e30,0x000000076f180000)
  from space 10752K, 0% used [0x000000076fc00000,0x000000076fc00000,0x0000000770680000)
  to   space 10752K, 0% used [0x000000076f180000,0x000000076f180000,0x000000076fc00000)
 ParOldGen       total 175104K, used 0K [0x00000006c1400000, 0x00000006cbf00000, 0x000000076b180000)
  object space 175104K, 0% used [0x00000006c1400000,0x00000006c1400000,0x00000006cbf00000)
 Metaspace       used 4963K, capacity 5002K, committed 5248K, reserved 1056768K
  class space    used 526K, capacity 561K, committed 640K, reserved 1048576K

Card table byte_map: [0x0000000012480000,0x0000000012c80000] byte_map_base: 0x000000000ee76000

Marking Bits: (ParMarkBitMap*) 0x0000000076c9be30
 Begin Bits: [0x00000000139d0000, 0x0000000017980000)
 End Bits:   [0x0000000017980000, 0x000000001b930000)

Polling page: 0x0000000000ca0000

CodeCache: size=245760Kb used=1485Kb max_used=1485Kb free=244274Kb
 bounds [0x00000000030c0000, 0x0000000003330000, 0x00000000120c0000]
 total_blobs=467 nmethods=175 adapters=213
 compilation: enabled

Compilation events (10 events):
Event: 92.062 Thread 0x000000001eb53800  173       3       org.eclipse.jdt.launching.internal.org.objectweb.asm.MethodWriter::visitInsn (115 bytes)
Event: 92.063 Thread 0x000000001eb53800 nmethod 173 0x0000000003230350 code [0x0000000003230500, 0x00000000032309e8]
Event: 92.063 Thread 0x000000001eb53800  170       3       org.eclipse.jdt.launching.internal.org.objectweb.asm.MethodWriter::visitFieldInsn (258 bytes)
Event: 92.065 Thread 0x000000001eb53800 nmethod 170 0x0000000003230bd0 code [0x0000000003230dc0, 0x0000000003231858]
Event: 92.065 Thread 0x000000001eb53800  172       3       org.eclipse.jdt.launching.internal.org.objectweb.asm.MethodWriter::putFrameType (83 bytes)
Event: 92.066 Thread 0x000000001eb53800 nmethod 172 0x0000000003231d10 code [0x0000000003231f20, 0x0000000003232978]
Event: 92.066 Thread 0x000000001eb53800  169       3       org.eclipse.jdt.launching.internal.org.objectweb.asm.MethodWriter::visitMethodInsn (191 bytes)
Event: 92.069 Thread 0x000000001eb53800 nmethod 169 0x0000000003232cd0 code [0x0000000003232ee0, 0x0000000003233a28]
Event: 92.069 Thread 0x000000001eb53800  175       3       org.eclipse.jdt.launching.internal.org.objectweb.asm.SymbolTable::addConstantClass (8 bytes)
Event: 92.069 Thread 0x000000001eb53800 nmethod 175 0x0000000003233f50 code [0x00000000032340c0, 0x0000000003234268]

GC Heap History (0 events):
No events

Deoptimization events (0 events):
No events

Classes redefined (2 events):
Event: 55.116 Thread 0x000000001cb19000 redefined class name=MyCar, count=1
Event: 92.061 Thread 0x000000001cb19000 redefined class name=MyCar, count=2

Internal exceptions (2 events):
Event: 0.100 Thread 0x0000000002fc2800 Exception <a 'java/lang/NoSuchMethodError': Method sun.misc.Unsafe.defineClass(Ljava/lang/String;[BII)Ljava/lang/Class; name or signature does not match> (0x000000076b187cc0) thrown at [C:\ade\jenkins\workspace\8-2-build-windows-amd64-cygwin\jdk8u241\331\
Event: 0.100 Thread 0x0000000002fc2800 Exception <a 'java/lang/NoSuchMethodError': Method sun.misc.Unsafe.prefetchRead(Ljava/lang/Object;J)V name or signature does not match> (0x000000076b187fa8) thrown at [C:\ade\jenkins\workspace\8-2-build-windows-amd64-cygwin\jdk8u241\331\hotspot\src\share\

Events (10 events):
Event: 0.985 loading class DrivingInterface/DrivingInterface
Event: 0.985 loading class DrivingInterface/DrivingInterface done
Event: 0.988 loading class DrivingInterface/DrivingInterface$CarStateValues
Event: 0.988 loading class DrivingInterface/DrivingInterface$CarStateValues done
Event: 4.820 Executing VM operation: EnableBiasedLocking
Event: 4.820 Executing VM operation: EnableBiasedLocking done
Event: 55.114 Executing VM operation: RedefineClasses
Event: 55.116 Executing VM operation: RedefineClasses done
Event: 92.059 Executing VM operation: RedefineClasses
Event: 92.061 Executing VM operation: RedefineClasses done


Dynamic libraries:
0x00007ff644fb0000 - 0x00007ff644fe7000 	C:\Program Files\Java\jre1.8.0_241\bin\javaw.exe
0x00007ffa1b480000 - 0x00007ffa1b670000 	C:\WINDOWS\SYSTEM32\ntdll.dll
0x00007ffa1a110000 - 0x00007ffa1a1c2000 	C:\WINDOWS\System32\KERNEL32.DLL
0x00007ffa18b90000 - 0x00007ffa18e34000 	C:\WINDOWS\System32\KERNELBASE.dll
0x00007ffa1a7d0000 - 0x00007ffa1a873000 	C:\WINDOWS\System32\ADVAPI32.dll
0x00007ffa1ac30000 - 0x00007ffa1acce000 	C:\WINDOWS\System32\msvcrt.dll
0x00007ffa1a040000 - 0x00007ffa1a0d7000 	C:\WINDOWS\System32\sechost.dll
0x00007ffa1a6b0000 - 0x00007ffa1a7d0000 	C:\WINDOWS\System32\RPCRT4.dll
0x00007ffa1ad40000 - 0x00007ffa1aed4000 	C:\WINDOWS\System32\USER32.dll
0x00007ffa19090000 - 0x00007ffa190b1000 	C:\WINDOWS\System32\win32u.dll
0x00007ffa1a0e0000 - 0x00007ffa1a106000 	C:\WINDOWS\System32\GDI32.dll
0x00007ffa18ef0000 - 0x00007ffa19086000 	C:\WINDOWS\System32\gdi32full.dll
0x00007ffa19230000 - 0x00007ffa192ce000 	C:\WINDOWS\System32\msvcp_win.dll
0x00007ffa193d0000 - 0x00007ffa194ca000 	C:\WINDOWS\System32\ucrtbase.dll
0x00007ffa01330000 - 0x00007ffa015b4000 	C:\WINDOWS\WinSxS\amd64_microsoft.windows.common-controls_6595b64144ccf1df_6.0.18362.959_none_e6c7bbbf130c62bb\COMCTL32.dll
0x00007ffa1a880000 - 0x00007ffa1abb5000 	C:\WINDOWS\System32\combase.dll
0x00007ffa192d0000 - 0x00007ffa19350000 	C:\WINDOWS\System32\bcryptPrimitives.dll
0x00007ffa1a680000 - 0x00007ffa1a6ae000 	C:\WINDOWS\System32\IMM32.DLL
0x00000000762b0000 - 0x0000000076382000 	C:\Program Files\Java\jre1.8.0_241\bin\msvcr100.dll
0x0000000076470000 - 0x0000000076d1c000 	C:\Program Files\Java\jre1.8.0_241\bin\server\jvm.dll
0x00007ffa1a610000 - 0x00007ffa1a618000 	C:\WINDOWS\System32\PSAPI.DLL
0x00007ffa03c50000 - 0x00007ffa03c59000 	C:\WINDOWS\SYSTEM32\WSOCK32.dll
0x00007ffa107d0000 - 0x00007ffa107f4000 	C:\WINDOWS\SYSTEM32\WINMM.dll
0x00007ffa0c500000 - 0x00007ffa0c50a000 	C:\WINDOWS\SYSTEM32\VERSION.dll
0x00007ffa1abc0000 - 0x00007ffa1ac2f000 	C:\WINDOWS\System32\WS2_32.dll
0x00007ffa107a0000 - 0x00007ffa107cd000 	C:\WINDOWS\SYSTEM32\WINMMBASE.dll
0x00007ffa19380000 - 0x00007ffa193ca000 	C:\WINDOWS\System32\cfgmgr32.dll
0x00007ffa0e1d0000 - 0x00007ffa0e1df000 	C:\Program Files\Java\jre1.8.0_241\bin\verify.dll
0x00007ff9f28a0000 - 0x00007ff9f28c9000 	C:\Program Files\Java\jre1.8.0_241\bin\java.dll
0x00007ff9f6770000 - 0x00007ff9f67a5000 	C:\Program Files\Java\jre1.8.0_241\bin\jdwp.dll
0x00007ffa10810000 - 0x00007ffa10818000 	C:\Program Files\Java\jre1.8.0_241\bin\npt.dll
0x00007ff9ebd50000 - 0x00007ff9ebd73000 	C:\Program Files\Java\jre1.8.0_241\bin\instrument.dll
0x00007ffa02340000 - 0x00007ffa02356000 	C:\Program Files\Java\jre1.8.0_241\bin\zip.dll
0x00007ffa19530000 - 0x00007ffa19c16000 	C:\WINDOWS\System32\SHELL32.dll
0x00007ffa19f90000 - 0x00007ffa1a039000 	C:\WINDOWS\System32\shcore.dll
0x00007ffa18400000 - 0x00007ffa18b82000 	C:\WINDOWS\System32\windows.storage.dll
0x00007ffa18340000 - 0x00007ffa18363000 	C:\WINDOWS\System32\profapi.dll
0x00007ffa18390000 - 0x00007ffa183da000 	C:\WINDOWS\System32\powrprof.dll
0x00007ffa18330000 - 0x00007ffa18340000 	C:\WINDOWS\System32\UMPDC.dll
0x00007ffa19d70000 - 0x00007ffa19dc2000 	C:\WINDOWS\System32\shlwapi.dll
0x00007ffa18370000 - 0x00007ffa18381000 	C:\WINDOWS\System32\kernel.appcore.dll
0x00007ffa19210000 - 0x00007ffa19227000 	C:\WINDOWS\System32\cryptsp.dll
0x00007ffa0e790000 - 0x00007ffa0e799000 	C:\Program Files\Java\jre1.8.0_241\bin\dt_socket.dll
0x00007ff9f6700000 - 0x00007ff9f6716000 	C:\WINDOWS\system32\napinsp.dll
0x00007ff9f66e0000 - 0x00007ff9f66fa000 	C:\WINDOWS\system32\pnrpnsp.dll
0x00007ffa17ba0000 - 0x00007ffa17c07000 	C:\WINDOWS\System32\mswsock.dll
0x00007ffa178f0000 - 0x00007ffa179bb000 	C:\WINDOWS\SYSTEM32\DNSAPI.dll
0x00007ffa19f80000 - 0x00007ffa19f88000 	C:\WINDOWS\System32\NSI.dll
0x00007ffa178b0000 - 0x00007ffa178ea000 	C:\WINDOWS\SYSTEM32\IPHLPAPI.DLL
0x00007ff9f66d0000 - 0x00007ff9f66de000 	C:\WINDOWS\System32\winrnr.dll
0x00007ffa0e5d0000 - 0x00007ffa0e5ec000 	C:\WINDOWS\system32\NLAapi.dll
0x00007ffa109f0000 - 0x00007ffa10a05000 	C:\WINDOWS\system32\wshbth.dll
0x00007ffa0a9d0000 - 0x00007ffa0aa47000 	C:\WINDOWS\System32\fwpuclnt.dll
0x00007ffa19350000 - 0x00007ffa19376000 	C:\WINDOWS\System32\bcrypt.dll
0x00007ffa0e630000 - 0x00007ffa0e63a000 	C:\Windows\System32\rasadhlp.dll
0x00007ff9e33b0000 - 0x00007ff9e3423000 	C:\Users\Love House\Documents\algocon\Bot_Java\v2\DrivingInterface\DrivingInterface.dll
0x00007ff9f0380000 - 0x00007ff9f0395000 	C:\Program Files\Java\jre1.8.0_241\bin\VCRUNTIME140.dll
0x00007ff9dab70000 - 0x00007ff9dac0b000 	C:\Program Files\Java\jre1.8.0_241\bin\MSVCP140.dll
0x00007ffa16c40000 - 0x00007ffa16e34000 	C:\WINDOWS\SYSTEM32\dbghelp.dll

VM Arguments:
jvm_args: -agentlib:jdwp=transport=dt_socket,suspend=y,address=localhost:13966 -javaagent:C:\Users\Love House\eclipse\jee-2019-123\eclipse\configuration\org.eclipse.osgi\411\0\.cp\lib\javaagent-shaded.jar -Dfile.encoding=UTF-8 
java_command: MyCar
java_class_path (initial): C:\Users\Love House\Documents\algocon\Bot_Java\v2\Build\Release;C:\Users\Love House\eclipse\jee-2019-123\eclipse\configuration\org.eclipse.osgi\411\0\.cp\lib\javaagent-shaded.jar
Launcher Type: SUN_STANDARD

Environment Variables:
JAVA_HOME=C:\Program Files\Java\jdk1.8.0_241
PATH=C:/Program Files/Java/jre1.8.0_241/bin/server;C:/Program Files/Java/jre1.8.0_241/bin;C:/Program Files/Java/jre1.8.0_241/lib/amd64;C:\Program Files (x86)\Common Files\Oracle\Java\javapath;C:\Program Files (x86)\Intel\Intel(R) Management Engine Components\iCLS\;C:\Program Files\Intel\Intel(R) Management Engine Components\iCLS\;C:\WINDOWS\system32;C:\WINDOWS;C:\WINDOWS\System32\Wbem;C:\WINDOWS\System32\WindowsPowerShell\v1.0\;C:\Program Files\Intel\WiFi\bin\;C:\Program Files\Common Files\Intel\WirelessCommon\;C:\WINDOWS\System32\OpenSSH\;C:\Program Files (x86)\Intel\Intel(R) Management Engine Components\DAL;C:\Program Files\Intel\Intel(R) Management Engine Components\DAL;C:\Program Files\Java\jdk1.8.0_241\bin;C:\Program Files\MySQL\MySQL Shell 8.0\bin\;C:\Users\Love House\AppData\Local\Microsoft\WindowsApps;;C:\Users\Love House\AppData\Local\Programs\Microsoft VS Code\bin;C:\Users\Love House\Desktop;
USERNAME=Love House
OS=Windows_NT
PROCESSOR_IDENTIFIER=Intel64 Family 6 Model 142 Stepping 10, GenuineIntel



---------------  S Y S T E M  ---------------

OS: Windows 10.0 , 64 bit Build 18362 (10.0.18362.959)

CPU:total 8 (initial active 8) (4 cores per cpu, 2 threads per core) family 6 model 142 stepping 10, cmov, cx8, fxsr, mmx, sse, sse2, sse3, ssse3, sse4.1, sse4.2, popcnt, avx, avx2, aes, clmul, erms, 3dnowpref, lzcnt, ht, tsc, tscinvbit, bmi1, bmi2, adx

Memory: 4k page, physical 16690612k(9373676k free), swap 19180980k(10163112k free)

vm_info: Java HotSpot(TM) 64-Bit Server VM (25.241-b07) for windows-amd64 JRE (1.8.0_241-b07), built on Dec 11 2019 10:21:40 by "rejava" with MS VC++ 10.0 (VS2010)

time: Fri Aug 14 23:44:27 2020
timezone: 대한민국 표준시
elapsed time: 130 seconds (0d 0h 2m 10s)

