#
# A fatal error has been detected by the Java Runtime Environment:
#
#  EXCEPTION_UNCAUGHT_CXX_EXCEPTION (0xe06d7363) at pc=0x00007ffa18bca799, pid=1452, tid=0x0000000000003480
#
# JRE version: Java(TM) SE Runtime Environment (8.0_241-b07) (build 1.8.0_241-b07)
# Java VM: Java HotSpot(TM) 64-Bit Server VM (25.241-b07 mixed mode windows-amd64 compressed oops)
# Problematic frame:
# C  [KERNELBASE.dll+0x3a799]
#
# Failed to write core dump. Minidumps are not enabled by default on client versions of Windows
#
# If you would like to submit a bug report, please visit:
#   http://bugreport.java.com/bugreport/crash.jsp
# The crash happened outside the Java Virtual Machine in native code.
# See problematic frame for where to report the bug.
#

---------------  T H R E A D  ---------------

Current thread (0x0000000003732800):  JavaThread "main" [_thread_in_native, id=13440, stack(0x0000000003400000,0x0000000003500000)]

siginfo: ExceptionCode=0xe06d7363, ExceptionInformation=0x0000000019930520 0x00000000034e4340 0x00007ff9e5c46b50 0x00007ff9e5be0000 

Registers:
RAX=0x0000000000000000, RBX=0x00007ff9e5c46b50, RCX=0x0000000000000020, RDX=0x0000000001548fa0
RSP=0x00000000034e41b0, RBP=0x00000000034e42f0, RSI=0x00000000034e45e0, RDI=0x00000000034e4340
R8 =0x0000000000000000, R9 =0x0000000000000010, R10=0x0000000000000001, R11=0x0000000000000000
R12=0x0000000000000000, R13=0x0000000000000000, R14=0x0000000000000000, R15=0x00000000034f8870
RIP=0x00007ffa18bca799, EFLAGS=0x0000000000000202

Top of Stack: (sp=0x00000000034e41b0)
0x00000000034e41b0:   00000000034e4410 00007ff9e5c46b50
0x00000000034e41c0:   00000000034e45e0 00000000034e41c0
0x00000000034e41d0:   00000001e06d7363 0000000000000000
0x00000000034e41e0:   00007ffa18bca799 0000000000000004
0x00000000034e41f0:   0000000019930520 00000000034e4340
0x00000000034e4200:   00007ff9e5c46b50 00007ff9e5be0000
0x00000000034e4210:   0000000000000000 0000000000000000
0x00000000034e4220:   00000000034e45e0 00000000034e42f0
0x00000000034e4230:   00000000034e4300 00007ffa1b49f41f
0x00000000034e4240:   00000000034e4340 0000000000000000
0x00000000034e4250:   0000000000000001 00007ff9e4b623fe
0x00000000034e4260:   00007ff9e5c4d000 00007ff9e5be0000
0x00000000034e4270:   0000f9179b41d88c 00007ffa1b48bb47
0x00000000034e4280:   00007ff9e5c46b50 00007ffa0ce2486d
0x00000000034e4290:   01d67245536ba00c 00000000034e4378
0x00000000034e42a0:   00000000034e45e0 000000000b2c373c 

Instructions: (pc=0x00007ffa18bca799)
0x00007ffa18bca779:   8b d1 44 0f 47 c0 44 89 44 24 38 49 c1 e0 03 e8
0x00007ffa18bca789:   da 4e 05 00 48 8d 4c 24 20 48 ff 15 0f c8 16 00
0x00007ffa18bca799:   0f 1f 44 00 00 48 8b 8c 24 c0 00 00 00 48 33 cc
0x00007ffa18bca7a9:   e8 72 ef 04 00 48 81 c4 d8 00 00 00 c3 83 64 24 


Register to memory mapping:

RAX=0x0000000000000000 is an unknown value
RBX=0x00007ff9e5c46b50 is an unknown value
RCX=0x0000000000000020 is an unknown value
RDX=0x0000000001548fa0 is an unknown value
RSP=0x00000000034e41b0 is pointing into the stack for thread: 0x0000000003732800
RBP=0x00000000034e42f0 is pointing into the stack for thread: 0x0000000003732800
RSI=0x00000000034e45e0 is pointing into the stack for thread: 0x0000000003732800
RDI=0x00000000034e4340 is pointing into the stack for thread: 0x0000000003732800
R8 =0x0000000000000000 is an unknown value
R9 =0x0000000000000010 is an unknown value
R10=0x0000000000000001 is an unknown value
R11=0x0000000000000000 is an unknown value
R12=0x0000000000000000 is an unknown value
R13=0x0000000000000000 is an unknown value
R14=0x0000000000000000 is an unknown value
R15=0x00000000034f8870 is pointing into the stack for thread: 0x0000000003732800


Stack: [0x0000000003400000,0x0000000003500000],  sp=0x00000000034e41b0,  free space=912k
Native frames: (J=compiled Java code, j=interpreted, Vv=VM code, C=native code)
C  [KERNELBASE.dll+0x3a799]
C  [VCRUNTIME140.dll+0x486d]
C  [DrivingInterface.dll+0x4671c]
C  [DrivingInterface.dll+0x2d9f6]
C  [DrivingInterface.dll+0x30888]
C  [DrivingInterface.dll+0x11f92]
C  [DrivingInterface.dll+0x102dc]
C  [DrivingInterface.dll+0x28493]
C  0x0000000003851df0

Java frames: (J=compiled Java code, j=interpreted, Vv=VM code)
j  MyCar.StartDriving()V+0
j  MyCar.main([Ljava/lang/String;)V+13
v  ~StubRoutines::call_stub

---------------  P R O C E S S  ---------------

Java Threads: ( => current thread )
  0x000000001f2c4800 JavaThread "Service Thread" daemon [_thread_blocked, id=15948, stack(0x0000000020010000,0x0000000020110000)]
  0x000000001f2b8800 JavaThread "C1 CompilerThread3" daemon [_thread_blocked, id=6244, stack(0x000000001ff10000,0x0000000020010000)]
  0x000000001f2b8000 JavaThread "C2 CompilerThread2" daemon [_thread_blocked, id=13100, stack(0x000000001fe10000,0x000000001ff10000)]
  0x000000001f2cd800 JavaThread "C2 CompilerThread1" daemon [_thread_blocked, id=16272, stack(0x000000001fd10000,0x000000001fe10000)]
  0x000000001f2ca800 JavaThread "C2 CompilerThread0" daemon [_thread_blocked, id=2268, stack(0x000000001fc10000,0x000000001fd10000)]
  0x000000001f222000 JavaThread "JDWP Command Reader" daemon [_thread_in_native, id=6456, stack(0x000000001fb10000,0x000000001fc10000)]
  0x000000001f21d000 JavaThread "JDWP Event Helper Thread" daemon [_thread_blocked, id=15840, stack(0x000000001fa10000,0x000000001fb10000)]
  0x000000001f210800 JavaThread "JDWP Transport Listener: dt_socket" daemon [_thread_blocked, id=2560, stack(0x000000001f910000,0x000000001fa10000)]
  0x000000001f207800 JavaThread "Attach Listener" daemon [_thread_blocked, id=12508, stack(0x000000001f810000,0x000000001f910000)]
  0x000000001f1ba800 JavaThread "Signal Dispatcher" daemon [_thread_blocked, id=16468, stack(0x000000001f710000,0x000000001f810000)]
  0x000000001f1a0800 JavaThread "Finalizer" daemon [_thread_blocked, id=9780, stack(0x000000001f580000,0x000000001f680000)]
  0x000000000382a000 JavaThread "Reference Handler" daemon [_thread_blocked, id=16284, stack(0x000000001f080000,0x000000001f180000)]
=>0x0000000003732800 JavaThread "main" [_thread_in_native, id=13440, stack(0x0000000003400000,0x0000000003500000)]

Other Threads:
  0x000000001d28a800 VMThread [stack: 0x000000001ef80000,0x000000001f080000] [id=2296]
  0x000000001f443800 WatcherThread [stack: 0x0000000020110000,0x0000000020210000] [id=10636]

VM state:not at safepoint (normal execution)

VM Mutex/Monitor currently owned by a thread: None

heap address: 0x00000006c1400000, size: 4076 MB, Compressed Oops mode: Zero based, Oop shift amount: 3
Narrow klass base: 0x0000000000000000, Narrow klass shift: 3
Compressed class space size: 1073741824 Address: 0x00000007c0000000

Heap:
 PSYoungGen      total 76288K, used 9206K [0x000000076b180000, 0x0000000770680000, 0x00000007c0000000)
  eden space 65536K, 14% used [0x000000076b180000,0x000000076ba7d960,0x000000076f180000)
  from space 10752K, 0% used [0x000000076fc00000,0x000000076fc00000,0x0000000770680000)
  to   space 10752K, 0% used [0x000000076f180000,0x000000076f180000,0x000000076fc00000)
 ParOldGen       total 175104K, used 0K [0x00000006c1400000, 0x00000006cbf00000, 0x000000076b180000)
  object space 175104K, 0% used [0x00000006c1400000,0x00000006c1400000,0x00000006cbf00000)
 Metaspace       used 5247K, capacity 5330K, committed 5504K, reserved 1056768K
  class space    used 530K, capacity 561K, committed 640K, reserved 1048576K

Card table byte_map: [0x0000000012bf0000,0x00000000133f0000] byte_map_base: 0x000000000f5e6000

Marking Bits: (ParMarkBitMap*) 0x0000000076c9be30
 Begin Bits: [0x0000000014140000, 0x00000000180f0000)
 End Bits:   [0x00000000180f0000, 0x000000001c0a0000)

Polling page: 0x0000000000ff0000

CodeCache: size=245760Kb used=2328Kb max_used=2338Kb free=243431Kb
 bounds [0x0000000003830000, 0x0000000003aa0000, 0x0000000012830000]
 total_blobs=519 nmethods=226 adapters=214
 compilation: enabled

Compilation events (10 events):
Event: 224.771 Thread 0x000000001f2b8000  223       4       org.eclipse.jdt.launching.internal.org.objectweb.asm.ByteVector::putShort (52 bytes)
Event: 224.771 Thread 0x000000001f2b8800  224       3       org.eclipse.jdt.launching.internal.org.objectweb.asm.SymbolTable::hash (7 bytes)
Event: 224.771 Thread 0x000000001f2ca800  225       4       org.eclipse.jdt.launching.internal.org.objectweb.asm.ByteVector::putUTF8 (144 bytes)
Event: 224.771 Thread 0x000000001f2b8800 nmethod 224 0x00000000039da250 code [0x00000000039da3a0, 0x00000000039da4d0]
Event: 224.776 Thread 0x000000001f2b8000 nmethod 223 0x0000000003a4f350 code [0x0000000003a4f4a0, 0x0000000003a4f668]
Event: 224.791 Thread 0x000000001f2ca800 nmethod 225 0x0000000003a4e650 code [0x0000000003a4e7c0, 0x0000000003a4eed8]
Event: 247.208 Thread 0x000000001f2b8800  226       3       org.eclipse.jdt.launching.internal.org.objectweb.asm.ByteVector::putInt (74 bytes)
Event: 247.209 Thread 0x000000001f2b8800 nmethod 226 0x0000000003a79e10 code [0x0000000003a79f80, 0x0000000003a7a228]
Event: 247.209 Thread 0x000000001f2b8800  227       1       org.eclipse.jdt.launching.internal.org.objectweb.asm.SymbolTable::getMajorVersion (5 bytes)
Event: 247.209 Thread 0x000000001f2b8800 nmethod 227 0x0000000003a79b50 code [0x0000000003a79ca0, 0x0000000003a79db0]

GC Heap History (0 events):
No events

Deoptimization events (0 events):
No events

Classes redefined (7 events):
Event: 36.360 Thread 0x000000001d28a800 redefined class name=MyCar, count=1
Event: 94.417 Thread 0x000000001d28a800 redefined class name=MyCar, count=2
Event: 134.358 Thread 0x000000001d28a800 redefined class name=MyCar, count=3
Event: 188.328 Thread 0x000000001d28a800 redefined class name=MyCar, count=4
Event: 193.027 Thread 0x000000001d28a800 redefined class name=MyCar, count=5
Event: 224.776 Thread 0x000000001d28a800 redefined class name=MyCar, count=6
Event: 247.213 Thread 0x000000001d28a800 redefined class name=MyCar, count=7

Internal exceptions (2 events):
Event: 0.139 Thread 0x0000000003732800 Exception <a 'java/lang/NoSuchMethodError': Method sun.misc.Unsafe.defineClass(Ljava/lang/String;[BII)Ljava/lang/Class; name or signature does not match> (0x000000076b187cc0) thrown at [C:\ade\jenkins\workspace\8-2-build-windows-amd64-cygwin\jdk8u241\331\
Event: 0.140 Thread 0x0000000003732800 Exception <a 'java/lang/NoSuchMethodError': Method sun.misc.Unsafe.prefetchRead(Ljava/lang/Object;J)V name or signature does not match> (0x000000076b187fa8) thrown at [C:\ade\jenkins\workspace\8-2-build-windows-amd64-cygwin\jdk8u241\331\hotspot\src\share\

Events (10 events):
Event: 134.356 Executing VM operation: RedefineClasses
Event: 134.358 Executing VM operation: RedefineClasses done
Event: 188.326 Executing VM operation: RedefineClasses
Event: 188.328 Executing VM operation: RedefineClasses done
Event: 193.025 Executing VM operation: RedefineClasses
Event: 193.027 Executing VM operation: RedefineClasses done
Event: 224.773 Executing VM operation: RedefineClasses
Event: 224.776 Executing VM operation: RedefineClasses done
Event: 247.211 Executing VM operation: RedefineClasses
Event: 247.213 Executing VM operation: RedefineClasses done


Dynamic libraries:
0x00007ff644fb0000 - 0x00007ff644fe7000 	C:\Program Files\Java\jre1.8.0_241\bin\javaw.exe
0x00007ffa1b480000 - 0x00007ffa1b670000 	C:\WINDOWS\SYSTEM32\ntdll.dll
0x00007ffa1a110000 - 0x00007ffa1a1c2000 	C:\WINDOWS\System32\KERNEL32.DLL
0x00007ffa18b90000 - 0x00007ffa18e34000 	C:\WINDOWS\System32\KERNELBASE.dll
0x00007ffa1a7d0000 - 0x00007ffa1a873000 	C:\WINDOWS\System32\ADVAPI32.dll
0x00007ffa1ac30000 - 0x00007ffa1acce000 	C:\WINDOWS\System32\msvcrt.dll
0x00007ffa1a040000 - 0x00007ffa1a0d7000 	C:\WINDOWS\System32\sechost.dll
0x00007ffa1a6b0000 - 0x00007ffa1a7d0000 	C:\WINDOWS\System32\RPCRT4.dll
0x00007ffa1ad40000 - 0x00007ffa1aed4000 	C:\WINDOWS\System32\USER32.dll
0x00007ffa19090000 - 0x00007ffa190b1000 	C:\WINDOWS\System32\win32u.dll
0x00007ffa1a0e0000 - 0x00007ffa1a106000 	C:\WINDOWS\System32\GDI32.dll
0x00007ffa18ef0000 - 0x00007ffa19086000 	C:\WINDOWS\System32\gdi32full.dll
0x00007ffa19230000 - 0x00007ffa192ce000 	C:\WINDOWS\System32\msvcp_win.dll
0x00007ffa193d0000 - 0x00007ffa194ca000 	C:\WINDOWS\System32\ucrtbase.dll
0x00007ffa01330000 - 0x00007ffa015b4000 	C:\WINDOWS\WinSxS\amd64_microsoft.windows.common-controls_6595b64144ccf1df_6.0.18362.959_none_e6c7bbbf130c62bb\COMCTL32.dll
0x00007ffa1a880000 - 0x00007ffa1abb5000 	C:\WINDOWS\System32\combase.dll
0x00007ffa192d0000 - 0x00007ffa19350000 	C:\WINDOWS\System32\bcryptPrimitives.dll
0x00007ffa1a680000 - 0x00007ffa1a6ae000 	C:\WINDOWS\System32\IMM32.DLL
0x00000000762b0000 - 0x0000000076382000 	C:\Program Files\Java\jre1.8.0_241\bin\msvcr100.dll
0x0000000076470000 - 0x0000000076d1c000 	C:\Program Files\Java\jre1.8.0_241\bin\server\jvm.dll
0x00007ffa1a610000 - 0x00007ffa1a618000 	C:\WINDOWS\System32\PSAPI.DLL
0x00007ffa107d0000 - 0x00007ffa107f4000 	C:\WINDOWS\SYSTEM32\WINMM.dll
0x00007ffa03c50000 - 0x00007ffa03c59000 	C:\WINDOWS\SYSTEM32\WSOCK32.dll
0x00007ffa0c500000 - 0x00007ffa0c50a000 	C:\WINDOWS\SYSTEM32\VERSION.dll
0x00007ffa1abc0000 - 0x00007ffa1ac2f000 	C:\WINDOWS\System32\WS2_32.dll
0x00007ffa107a0000 - 0x00007ffa107cd000 	C:\WINDOWS\SYSTEM32\winmmbase.dll
0x00007ffa19380000 - 0x00007ffa193ca000 	C:\WINDOWS\System32\cfgmgr32.dll
0x00007ffa0e1d0000 - 0x00007ffa0e1df000 	C:\Program Files\Java\jre1.8.0_241\bin\verify.dll
0x00007ff9f28a0000 - 0x00007ff9f28c9000 	C:\Program Files\Java\jre1.8.0_241\bin\java.dll
0x00007ff9f6910000 - 0x00007ff9f6945000 	C:\Program Files\Java\jre1.8.0_241\bin\jdwp.dll
0x00007ffa10810000 - 0x00007ffa10818000 	C:\Program Files\Java\jre1.8.0_241\bin\npt.dll
0x00007ffa0e3b0000 - 0x00007ffa0e3d3000 	C:\Program Files\Java\jre1.8.0_241\bin\instrument.dll
0x00007ffa02340000 - 0x00007ffa02356000 	C:\Program Files\Java\jre1.8.0_241\bin\zip.dll
0x00007ffa19530000 - 0x00007ffa19c16000 	C:\WINDOWS\System32\SHELL32.dll
0x00007ffa19f90000 - 0x00007ffa1a039000 	C:\WINDOWS\System32\shcore.dll
0x00007ffa18400000 - 0x00007ffa18b82000 	C:\WINDOWS\System32\windows.storage.dll
0x00007ffa18340000 - 0x00007ffa18363000 	C:\WINDOWS\System32\profapi.dll
0x00007ffa18390000 - 0x00007ffa183da000 	C:\WINDOWS\System32\powrprof.dll
0x00007ffa18330000 - 0x00007ffa18340000 	C:\WINDOWS\System32\UMPDC.dll
0x00007ffa19d70000 - 0x00007ffa19dc2000 	C:\WINDOWS\System32\shlwapi.dll
0x00007ffa18370000 - 0x00007ffa18381000 	C:\WINDOWS\System32\kernel.appcore.dll
0x00007ffa19210000 - 0x00007ffa19227000 	C:\WINDOWS\System32\cryptsp.dll
0x00007ffa0e660000 - 0x00007ffa0e669000 	C:\Program Files\Java\jre1.8.0_241\bin\dt_socket.dll
0x00007ff9f6700000 - 0x00007ff9f6716000 	C:\WINDOWS\system32\napinsp.dll
0x00007ff9f66e0000 - 0x00007ff9f66fa000 	C:\WINDOWS\system32\pnrpnsp.dll
0x00007ffa17ba0000 - 0x00007ffa17c07000 	C:\WINDOWS\System32\mswsock.dll
0x00007ffa178f0000 - 0x00007ffa179bb000 	C:\WINDOWS\SYSTEM32\DNSAPI.dll
0x00007ffa19f80000 - 0x00007ffa19f88000 	C:\WINDOWS\System32\NSI.dll
0x00007ffa178b0000 - 0x00007ffa178ea000 	C:\WINDOWS\SYSTEM32\IPHLPAPI.DLL
0x00007ff9f66d0000 - 0x00007ff9f66de000 	C:\WINDOWS\System32\winrnr.dll
0x00007ffa0e5d0000 - 0x00007ffa0e5ec000 	C:\WINDOWS\system32\NLAapi.dll
0x00007ffa109f0000 - 0x00007ffa10a05000 	C:\WINDOWS\system32\wshbth.dll
0x00007ffa0a9d0000 - 0x00007ffa0aa47000 	C:\WINDOWS\System32\fwpuclnt.dll
0x00007ffa19350000 - 0x00007ffa19376000 	C:\WINDOWS\System32\bcrypt.dll
0x00007ffa0e630000 - 0x00007ffa0e63a000 	C:\Windows\System32\rasadhlp.dll
0x00007ff9e5be0000 - 0x00007ff9e5c53000 	C:\Users\Love House\Documents\algocon\Bot_Java\v2\DrivingInterface\DrivingInterface.dll
0x00007ffa0ce20000 - 0x00007ffa0ce35000 	C:\Program Files\Java\jre1.8.0_241\bin\VCRUNTIME140.dll
0x00007ff9e4b60000 - 0x00007ff9e4bfb000 	C:\Program Files\Java\jre1.8.0_241\bin\MSVCP140.dll
0x00007ffa16c40000 - 0x00007ffa16e34000 	C:\WINDOWS\SYSTEM32\dbghelp.dll

VM Arguments:
jvm_args: -agentlib:jdwp=transport=dt_socket,suspend=y,address=localhost:13910 -javaagent:C:\Users\Love House\eclipse\jee-2019-123\eclipse\configuration\org.eclipse.osgi\411\0\.cp\lib\javaagent-shaded.jar -Dfile.encoding=UTF-8 
java_command: MyCar
java_class_path (initial): C:\Users\Love House\Documents\algocon\Bot_Java\v2\Build\Release;C:\Users\Love House\eclipse\jee-2019-123\eclipse\configuration\org.eclipse.osgi\411\0\.cp\lib\javaagent-shaded.jar
Launcher Type: SUN_STANDARD

Environment Variables:
JAVA_HOME=C:\Program Files\Java\jdk1.8.0_241
PATH=C:/Program Files/Java/jre1.8.0_241/bin/server;C:/Program Files/Java/jre1.8.0_241/bin;C:/Program Files/Java/jre1.8.0_241/lib/amd64;C:\Program Files (x86)\Common Files\Oracle\Java\javapath;C:\Program Files (x86)\Intel\Intel(R) Management Engine Components\iCLS\;C:\Program Files\Intel\Intel(R) Management Engine Components\iCLS\;C:\WINDOWS\system32;C:\WINDOWS;C:\WINDOWS\System32\Wbem;C:\WINDOWS\System32\WindowsPowerShell\v1.0\;C:\Program Files\Intel\WiFi\bin\;C:\Program Files\Common Files\Intel\WirelessCommon\;C:\WINDOWS\System32\OpenSSH\;C:\Program Files (x86)\Intel\Intel(R) Management Engine Components\DAL;C:\Program Files\Intel\Intel(R) Management Engine Components\DAL;C:\Program Files\Java\jdk1.8.0_241\bin;C:\Program Files\MySQL\MySQL Shell 8.0\bin\;C:\Users\Love House\AppData\Local\Microsoft\WindowsApps;;C:\Users\Love House\AppData\Local\Programs\Microsoft VS Code\bin;C:\Users\Love House\Desktop;
USERNAME=Love House
OS=Windows_NT
PROCESSOR_IDENTIFIER=Intel64 Family 6 Model 142 Stepping 10, GenuineIntel



---------------  S Y S T E M  ---------------

OS: Windows 10.0 , 64 bit Build 18362 (10.0.18362.959)

CPU:total 8 (initial active 8) (4 cores per cpu, 2 threads per core) family 6 model 142 stepping 10, cmov, cx8, fxsr, mmx, sse, sse2, sse3, ssse3, sse4.1, sse4.2, popcnt, avx, avx2, aes, clmul, erms, 3dnowpref, lzcnt, ht, tsc, tscinvbit, bmi1, bmi2, adx

Memory: 4k page, physical 16690612k(9225232k free), swap 19180980k(10134636k free)

vm_info: Java HotSpot(TM) 64-Bit Server VM (25.241-b07) for windows-amd64 JRE (1.8.0_241-b07), built on Dec 11 2019 10:21:40 by "rejava" with MS VC++ 10.0 (VS2010)

time: Fri Aug 14 23:15:13 2020
timezone: 대한민국 표준시
elapsed time: 279 seconds (0d 0h 4m 39s)

