#
# A fatal error has been detected by the Java Runtime Environment:
#
#  EXCEPTION_UNCAUGHT_CXX_EXCEPTION (0xe06d7363) at pc=0x00007ffa18bca799, pid=9688, tid=0x00000000000009fc
#
# JRE version: Java(TM) SE Runtime Environment (8.0_241-b07) (build 1.8.0_241-b07)
# Java VM: Java HotSpot(TM) 64-Bit Server VM (25.241-b07 mixed mode windows-amd64 compressed oops)
# Problematic frame:
# C  [KERNELBASE.dll+0x3a799]
#
# Failed to write core dump. Minidumps are not enabled by default on client versions of Windows
#
# If you would like to submit a bug report, please visit:
#   http://bugreport.java.com/bugreport/crash.jsp
# The crash happened outside the Java Virtual Machine in native code.
# See problematic frame for where to report the bug.
#

---------------  T H R E A D  ---------------

Current thread (0x0000000003452800):  JavaThread "main" [_thread_in_native, id=2556, stack(0x0000000002e20000,0x0000000002f20000)]

siginfo: ExceptionCode=0xe06d7363, ExceptionInformation=0x0000000019930520 0x0000000002f04850 0x00007ff9e5c46b50 0x00007ff9e5be0000 

Registers:
RAX=0x0000000000000000, RBX=0x00007ff9e5c46b50, RCX=0x0000000000000020, RDX=0x0000000001218890
RSP=0x0000000002f046c0, RBP=0x0000000002f04800, RSI=0x0000000002f04af0, RDI=0x0000000002f04850
R8 =0x0000000000000205, R9 =0x0000000000000010, R10=0x0000000000000001, R11=0x0000000000000000
R12=0x0000000000000000, R13=0x0000000000000000, R14=0x0000000000000000, R15=0x0000000002f18d80
RIP=0x00007ffa18bca799, EFLAGS=0x0000000000000206

Top of Stack: (sp=0x0000000002f046c0)
0x0000000002f046c0:   0000000002f04920 00007ff9e5c46b50
0x0000000002f046d0:   0000000002f04af0 0000000002f046d0
0x0000000002f046e0:   00000001e06d7363 0000000000000000
0x0000000002f046f0:   00007ffa18bca799 0000000000000004
0x0000000002f04700:   0000000019930520 0000000002f04850
0x0000000002f04710:   00007ff9e5c46b50 00007ff9e5be0000
0x0000000002f04720:   0000000000000000 0000000000000000
0x0000000002f04730:   0000000002f04af0 0000000002f04800
0x0000000002f04740:   0000000002f04810 00007ffa1b49f41f
0x0000000002f04750:   0000000002f04850 0000000000000000
0x0000000002f04760:   0000000000000001 00007ff9e4b623fe
0x0000000002f04770:   00007ff9e5c4d000 00007ff9e5be0000
0x0000000002f04780:   0000871026add52f 00007ffa1b48bb47
0x0000000002f04790:   00007ff9e5c46b50 00007ffa0ce2486d
0x0000000002f047a0:   01d67245ebd84c62 0000000002f04888
0x0000000002f047b0:   0000000002f04af0 00000000366dfc00 

Instructions: (pc=0x00007ffa18bca799)
0x00007ffa18bca779:   8b d1 44 0f 47 c0 44 89 44 24 38 49 c1 e0 03 e8
0x00007ffa18bca789:   da 4e 05 00 48 8d 4c 24 20 48 ff 15 0f c8 16 00
0x00007ffa18bca799:   0f 1f 44 00 00 48 8b 8c 24 c0 00 00 00 48 33 cc
0x00007ffa18bca7a9:   e8 72 ef 04 00 48 81 c4 d8 00 00 00 c3 83 64 24 


Register to memory mapping:

RAX=0x0000000000000000 is an unknown value
RBX=0x00007ff9e5c46b50 is an unknown value
RCX=0x0000000000000020 is an unknown value
RDX=0x0000000001218890 is an unknown value
RSP=0x0000000002f046c0 is pointing into the stack for thread: 0x0000000003452800
RBP=0x0000000002f04800 is pointing into the stack for thread: 0x0000000003452800
RSI=0x0000000002f04af0 is pointing into the stack for thread: 0x0000000003452800
RDI=0x0000000002f04850 is pointing into the stack for thread: 0x0000000003452800
R8 =0x0000000000000205 is an unknown value
R9 =0x0000000000000010 is an unknown value
R10=0x0000000000000001 is an unknown value
R11=0x0000000000000000 is an unknown value
R12=0x0000000000000000 is an unknown value
R13=0x0000000000000000 is an unknown value
R14=0x0000000000000000 is an unknown value
R15=0x0000000002f18d80 is pointing into the stack for thread: 0x0000000003452800


Stack: [0x0000000002e20000,0x0000000002f20000],  sp=0x0000000002f046c0,  free space=913k
Native frames: (J=compiled Java code, j=interpreted, Vv=VM code, C=native code)
C  [KERNELBASE.dll+0x3a799]
C  [VCRUNTIME140.dll+0x486d]
C  [DrivingInterface.dll+0x4671c]
C  [DrivingInterface.dll+0x2d9f6]
C  [DrivingInterface.dll+0x30888]
C  [DrivingInterface.dll+0x11f92]
C  [DrivingInterface.dll+0x102dc]
C  [DrivingInterface.dll+0x28493]
C  0x0000000003571df0

Java frames: (J=compiled Java code, j=interpreted, Vv=VM code)
j  MyCar.StartDriving()V+0
j  MyCar.main([Ljava/lang/String;)V+13
v  ~StubRoutines::call_stub

---------------  P R O C E S S  ---------------

Java Threads: ( => current thread )
  0x000000001efb4000 JavaThread "Service Thread" daemon [_thread_blocked, id=17048, stack(0x000000001fd00000,0x000000001fe00000)]
  0x000000001efad800 JavaThread "C1 CompilerThread3" daemon [_thread_blocked, id=15376, stack(0x000000001fc00000,0x000000001fd00000)]
  0x000000001efa7000 JavaThread "C2 CompilerThread2" daemon [_thread_blocked, id=10860, stack(0x000000001fb00000,0x000000001fc00000)]
  0x000000001efbb000 JavaThread "C2 CompilerThread1" daemon [_thread_blocked, id=14824, stack(0x000000001fa00000,0x000000001fb00000)]
  0x000000001efb8800 JavaThread "C2 CompilerThread0" daemon [_thread_blocked, id=16020, stack(0x000000001f900000,0x000000001fa00000)]
  0x000000001ef10000 JavaThread "JDWP Command Reader" daemon [_thread_in_native, id=6708, stack(0x000000001f800000,0x000000001f900000)]
  0x000000001ef0c800 JavaThread "JDWP Event Helper Thread" daemon [_thread_blocked, id=568, stack(0x000000001f700000,0x000000001f800000)]
  0x000000001ef02000 JavaThread "JDWP Transport Listener: dt_socket" daemon [_thread_blocked, id=10780, stack(0x000000001f600000,0x000000001f700000)]
  0x000000001eef8800 JavaThread "Attach Listener" daemon [_thread_blocked, id=14512, stack(0x000000001f500000,0x000000001f600000)]
  0x000000001eeaa800 JavaThread "Signal Dispatcher" daemon [_thread_blocked, id=8116, stack(0x000000001f400000,0x000000001f500000)]
  0x000000001ee90800 JavaThread "Finalizer" daemon [_thread_blocked, id=1316, stack(0x000000001f270000,0x000000001f370000)]
  0x000000001cfac800 JavaThread "Reference Handler" daemon [_thread_blocked, id=15492, stack(0x000000001ed70000,0x000000001ee70000)]
=>0x0000000003452800 JavaThread "main" [_thread_in_native, id=2556, stack(0x0000000002e20000,0x0000000002f20000)]

Other Threads:
  0x000000001cfa9800 VMThread [stack: 0x000000001ec70000,0x000000001ed70000] [id=3388]
  0x000000001f159800 WatcherThread [stack: 0x000000001fe00000,0x000000001ff00000] [id=6616]

VM state:not at safepoint (normal execution)

VM Mutex/Monitor currently owned by a thread: None

heap address: 0x00000006c1400000, size: 4076 MB, Compressed Oops mode: Zero based, Oop shift amount: 3
Narrow klass base: 0x0000000000000000, Narrow klass shift: 3
Compressed class space size: 1073741824 Address: 0x00000007c0000000

Heap:
 PSYoungGen      total 76288K, used 9211K [0x000000076b180000, 0x0000000770680000, 0x00000007c0000000)
  eden space 65536K, 14% used [0x000000076b180000,0x000000076ba7ec98,0x000000076f180000)
  from space 10752K, 0% used [0x000000076fc00000,0x000000076fc00000,0x0000000770680000)
  to   space 10752K, 0% used [0x000000076f180000,0x000000076f180000,0x000000076fc00000)
 ParOldGen       total 175104K, used 0K [0x00000006c1400000, 0x00000006cbf00000, 0x000000076b180000)
  object space 175104K, 0% used [0x00000006c1400000,0x00000006c1400000,0x00000006cbf00000)
 Metaspace       used 5161K, capacity 5266K, committed 5504K, reserved 1056768K
  class space    used 530K, capacity 561K, committed 640K, reserved 1048576K

Card table byte_map: [0x0000000012910000,0x0000000013110000] byte_map_base: 0x000000000f306000

Marking Bits: (ParMarkBitMap*) 0x0000000076c9be30
 Begin Bits: [0x0000000013e60000, 0x0000000017e10000)
 End Bits:   [0x0000000017e10000, 0x000000001bdc0000)

Polling page: 0x0000000001160000

CodeCache: size=245760Kb used=2036Kb max_used=2047Kb free=243723Kb
 bounds [0x0000000003550000, 0x00000000037c0000, 0x0000000012550000]
 total_blobs=520 nmethods=227 adapters=214
 compilation: enabled

Compilation events (10 events):
Event: 264.842 Thread 0x000000001efad800 nmethod 224 0x00000000037420d0 code [0x0000000003742220, 0x0000000003742330]
Event: 264.890 Thread 0x000000001efbb000 nmethod 221 0x000000000374bed0 code [0x000000000374c060, 0x000000000374cd58]
Event: 282.433 Thread 0x000000001efb8800  225       4       org.eclipse.jdt.launching.internal.org.objectweb.asm.ClassReader::readUtf (44 bytes)
Event: 282.433 Thread 0x000000001efa7000  226       4       org.eclipse.jdt.launching.internal.org.objectweb.asm.ByteVector::putByte (39 bytes)
Event: 282.434 Thread 0x000000001efad800  227       3       org.eclipse.jdt.launching.internal.org.objectweb.asm.SymbolTable::addConstantClass (8 bytes)
Event: 282.435 Thread 0x000000001efad800 nmethod 227 0x000000000374bb10 code [0x000000000374bc80, 0x000000000374be28]
Event: 282.435 Thread 0x000000001efad800  228       3       org.eclipse.jdt.launching.internal.org.objectweb.asm.MethodWriter::visitLocalVariable (222 bytes)
Event: 282.438 Thread 0x000000001efa7000 nmethod 226 0x000000000374b6d0 code [0x000000000374b820, 0x000000000374b9a8]
Event: 282.439 Thread 0x000000001efad800 nmethod 228 0x000000000374db10 code [0x000000000374dde0, 0x000000000374eda8]
Event: 282.445 Thread 0x000000001efb8800 nmethod 225 0x0000000003741a10 code [0x0000000003741b60, 0x0000000003741e28]

GC Heap History (0 events):
No events

Deoptimization events (0 events):
No events

Classes redefined (8 events):
Event: 44.543 Thread 0x000000001cfa9800 redefined class name=MyCar, count=1
Event: 87.151 Thread 0x000000001cfa9800 redefined class name=MyCar, count=2
Event: 95.537 Thread 0x000000001cfa9800 redefined class name=MyCar, count=3
Event: 185.886 Thread 0x000000001cfa9800 redefined class name=MyCar, count=4
Event: 195.695 Thread 0x000000001cfa9800 redefined class name=MyCar, count=5
Event: 219.351 Thread 0x000000001cfa9800 redefined class name=MyCar, count=6
Event: 264.851 Thread 0x000000001cfa9800 redefined class name=MyCar, count=7
Event: 282.445 Thread 0x000000001cfa9800 redefined class name=MyCar, count=8

Internal exceptions (2 events):
Event: 0.130 Thread 0x0000000003452800 Exception <a 'java/lang/NoSuchMethodError': Method sun.misc.Unsafe.defineClass(Ljava/lang/String;[BII)Ljava/lang/Class; name or signature does not match> (0x000000076b187cc0) thrown at [C:\ade\jenkins\workspace\8-2-build-windows-amd64-cygwin\jdk8u241\331\
Event: 0.131 Thread 0x0000000003452800 Exception <a 'java/lang/NoSuchMethodError': Method sun.misc.Unsafe.prefetchRead(Ljava/lang/Object;J)V name or signature does not match> (0x000000076b187fa8) thrown at [C:\ade\jenkins\workspace\8-2-build-windows-amd64-cygwin\jdk8u241\331\hotspot\src\share\

Events (10 events):
Event: 185.885 Executing VM operation: RedefineClasses
Event: 185.886 Executing VM operation: RedefineClasses done
Event: 195.693 Executing VM operation: RedefineClasses
Event: 195.695 Executing VM operation: RedefineClasses done
Event: 219.346 Executing VM operation: RedefineClasses
Event: 219.351 Executing VM operation: RedefineClasses done
Event: 264.846 Executing VM operation: RedefineClasses
Event: 264.851 Executing VM operation: RedefineClasses done
Event: 282.440 Executing VM operation: RedefineClasses
Event: 282.445 Executing VM operation: RedefineClasses done


Dynamic libraries:
0x00007ff644fb0000 - 0x00007ff644fe7000 	C:\Program Files\Java\jre1.8.0_241\bin\javaw.exe
0x00007ffa1b480000 - 0x00007ffa1b670000 	C:\WINDOWS\SYSTEM32\ntdll.dll
0x00007ffa1a110000 - 0x00007ffa1a1c2000 	C:\WINDOWS\System32\KERNEL32.DLL
0x00007ffa18b90000 - 0x00007ffa18e34000 	C:\WINDOWS\System32\KERNELBASE.dll
0x00007ffa1a7d0000 - 0x00007ffa1a873000 	C:\WINDOWS\System32\ADVAPI32.dll
0x00007ffa1ac30000 - 0x00007ffa1acce000 	C:\WINDOWS\System32\msvcrt.dll
0x00007ffa1a040000 - 0x00007ffa1a0d7000 	C:\WINDOWS\System32\sechost.dll
0x00007ffa1a6b0000 - 0x00007ffa1a7d0000 	C:\WINDOWS\System32\RPCRT4.dll
0x00007ffa1ad40000 - 0x00007ffa1aed4000 	C:\WINDOWS\System32\USER32.dll
0x00007ffa19090000 - 0x00007ffa190b1000 	C:\WINDOWS\System32\win32u.dll
0x00007ffa1a0e0000 - 0x00007ffa1a106000 	C:\WINDOWS\System32\GDI32.dll
0x00007ffa18ef0000 - 0x00007ffa19086000 	C:\WINDOWS\System32\gdi32full.dll
0x00007ffa19230000 - 0x00007ffa192ce000 	C:\WINDOWS\System32\msvcp_win.dll
0x00007ffa193d0000 - 0x00007ffa194ca000 	C:\WINDOWS\System32\ucrtbase.dll
0x00007ffa01330000 - 0x00007ffa015b4000 	C:\WINDOWS\WinSxS\amd64_microsoft.windows.common-controls_6595b64144ccf1df_6.0.18362.959_none_e6c7bbbf130c62bb\COMCTL32.dll
0x00007ffa1a880000 - 0x00007ffa1abb5000 	C:\WINDOWS\System32\combase.dll
0x00007ffa192d0000 - 0x00007ffa19350000 	C:\WINDOWS\System32\bcryptPrimitives.dll
0x00007ffa1a680000 - 0x00007ffa1a6ae000 	C:\WINDOWS\System32\IMM32.DLL
0x00000000762b0000 - 0x0000000076382000 	C:\Program Files\Java\jre1.8.0_241\bin\msvcr100.dll
0x0000000076470000 - 0x0000000076d1c000 	C:\Program Files\Java\jre1.8.0_241\bin\server\jvm.dll
0x00007ffa1a610000 - 0x00007ffa1a618000 	C:\WINDOWS\System32\PSAPI.DLL
0x00007ffa03c50000 - 0x00007ffa03c59000 	C:\WINDOWS\SYSTEM32\WSOCK32.dll
0x00007ffa107d0000 - 0x00007ffa107f4000 	C:\WINDOWS\SYSTEM32\WINMM.dll
0x00007ffa0c500000 - 0x00007ffa0c50a000 	C:\WINDOWS\SYSTEM32\VERSION.dll
0x00007ffa1abc0000 - 0x00007ffa1ac2f000 	C:\WINDOWS\System32\WS2_32.dll
0x00007ffa107a0000 - 0x00007ffa107cd000 	C:\WINDOWS\SYSTEM32\winmmbase.dll
0x00007ffa19380000 - 0x00007ffa193ca000 	C:\WINDOWS\System32\cfgmgr32.dll
0x00007ffa0e1d0000 - 0x00007ffa0e1df000 	C:\Program Files\Java\jre1.8.0_241\bin\verify.dll
0x00007ff9f28a0000 - 0x00007ff9f28c9000 	C:\Program Files\Java\jre1.8.0_241\bin\java.dll
0x00007ff9f6910000 - 0x00007ff9f6945000 	C:\Program Files\Java\jre1.8.0_241\bin\jdwp.dll
0x00007ffa10810000 - 0x00007ffa10818000 	C:\Program Files\Java\jre1.8.0_241\bin\npt.dll
0x00007ffa0e3b0000 - 0x00007ffa0e3d3000 	C:\Program Files\Java\jre1.8.0_241\bin\instrument.dll
0x00007ffa02340000 - 0x00007ffa02356000 	C:\Program Files\Java\jre1.8.0_241\bin\zip.dll
0x00007ffa19530000 - 0x00007ffa19c16000 	C:\WINDOWS\System32\SHELL32.dll
0x00007ffa19f90000 - 0x00007ffa1a039000 	C:\WINDOWS\System32\shcore.dll
0x00007ffa18400000 - 0x00007ffa18b82000 	C:\WINDOWS\System32\windows.storage.dll
0x00007ffa18340000 - 0x00007ffa18363000 	C:\WINDOWS\System32\profapi.dll
0x00007ffa18390000 - 0x00007ffa183da000 	C:\WINDOWS\System32\powrprof.dll
0x00007ffa18330000 - 0x00007ffa18340000 	C:\WINDOWS\System32\UMPDC.dll
0x00007ffa19d70000 - 0x00007ffa19dc2000 	C:\WINDOWS\System32\shlwapi.dll
0x00007ffa18370000 - 0x00007ffa18381000 	C:\WINDOWS\System32\kernel.appcore.dll
0x00007ffa19210000 - 0x00007ffa19227000 	C:\WINDOWS\System32\cryptsp.dll
0x00007ffa0e660000 - 0x00007ffa0e669000 	C:\Program Files\Java\jre1.8.0_241\bin\dt_socket.dll
0x00007ff9f6700000 - 0x00007ff9f6716000 	C:\WINDOWS\system32\napinsp.dll
0x00007ff9f66e0000 - 0x00007ff9f66fa000 	C:\WINDOWS\system32\pnrpnsp.dll
0x00007ffa17ba0000 - 0x00007ffa17c07000 	C:\WINDOWS\System32\mswsock.dll
0x00007ffa178f0000 - 0x00007ffa179bb000 	C:\WINDOWS\SYSTEM32\DNSAPI.dll
0x00007ffa19f80000 - 0x00007ffa19f88000 	C:\WINDOWS\System32\NSI.dll
0x00007ffa178b0000 - 0x00007ffa178ea000 	C:\WINDOWS\SYSTEM32\IPHLPAPI.DLL
0x00007ff9f66d0000 - 0x00007ff9f66de000 	C:\WINDOWS\System32\winrnr.dll
0x00007ffa0e5d0000 - 0x00007ffa0e5ec000 	C:\WINDOWS\system32\NLAapi.dll
0x00007ffa109f0000 - 0x00007ffa10a05000 	C:\WINDOWS\system32\wshbth.dll
0x00007ffa0a9d0000 - 0x00007ffa0aa47000 	C:\WINDOWS\System32\fwpuclnt.dll
0x00007ffa19350000 - 0x00007ffa19376000 	C:\WINDOWS\System32\bcrypt.dll
0x00007ffa0e630000 - 0x00007ffa0e63a000 	C:\Windows\System32\rasadhlp.dll
0x00007ff9e5be0000 - 0x00007ff9e5c53000 	C:\Users\Love House\Documents\algocon\Bot_Java\v2\DrivingInterface\DrivingInterface.dll
0x00007ffa0ce20000 - 0x00007ffa0ce35000 	C:\Program Files\Java\jre1.8.0_241\bin\VCRUNTIME140.dll
0x00007ff9e4b60000 - 0x00007ff9e4bfb000 	C:\Program Files\Java\jre1.8.0_241\bin\MSVCP140.dll
0x00007ffa16c40000 - 0x00007ffa16e34000 	C:\WINDOWS\SYSTEM32\dbghelp.dll

VM Arguments:
jvm_args: -agentlib:jdwp=transport=dt_socket,suspend=y,address=localhost:13918 -javaagent:C:\Users\Love House\eclipse\jee-2019-123\eclipse\configuration\org.eclipse.osgi\411\0\.cp\lib\javaagent-shaded.jar -Dfile.encoding=UTF-8 
java_command: MyCar
java_class_path (initial): C:\Users\Love House\Documents\algocon\Bot_Java\v2\Build\Release;C:\Users\Love House\eclipse\jee-2019-123\eclipse\configuration\org.eclipse.osgi\411\0\.cp\lib\javaagent-shaded.jar
Launcher Type: SUN_STANDARD

Environment Variables:
JAVA_HOME=C:\Program Files\Java\jdk1.8.0_241
PATH=C:/Program Files/Java/jre1.8.0_241/bin/server;C:/Program Files/Java/jre1.8.0_241/bin;C:/Program Files/Java/jre1.8.0_241/lib/amd64;C:\Program Files (x86)\Common Files\Oracle\Java\javapath;C:\Program Files (x86)\Intel\Intel(R) Management Engine Components\iCLS\;C:\Program Files\Intel\Intel(R) Management Engine Components\iCLS\;C:\WINDOWS\system32;C:\WINDOWS;C:\WINDOWS\System32\Wbem;C:\WINDOWS\System32\WindowsPowerShell\v1.0\;C:\Program Files\Intel\WiFi\bin\;C:\Program Files\Common Files\Intel\WirelessCommon\;C:\WINDOWS\System32\OpenSSH\;C:\Program Files (x86)\Intel\Intel(R) Management Engine Components\DAL;C:\Program Files\Intel\Intel(R) Management Engine Components\DAL;C:\Program Files\Java\jdk1.8.0_241\bin;C:\Program Files\MySQL\MySQL Shell 8.0\bin\;C:\Users\Love House\AppData\Local\Microsoft\WindowsApps;;C:\Users\Love House\AppData\Local\Programs\Microsoft VS Code\bin;C:\Users\Love House\Desktop;
USERNAME=Love House
OS=Windows_NT
PROCESSOR_IDENTIFIER=Intel64 Family 6 Model 142 Stepping 10, GenuineIntel



---------------  S Y S T E M  ---------------

OS: Windows 10.0 , 64 bit Build 18362 (10.0.18362.959)

CPU:total 8 (initial active 8) (4 cores per cpu, 2 threads per core) family 6 model 142 stepping 10, cmov, cx8, fxsr, mmx, sse, sse2, sse3, ssse3, sse4.1, sse4.2, popcnt, avx, avx2, aes, clmul, erms, 3dnowpref, lzcnt, ht, tsc, tscinvbit, bmi1, bmi2, adx

Memory: 4k page, physical 16690612k(9228484k free), swap 19180980k(10131760k free)

vm_info: Java HotSpot(TM) 64-Bit Server VM (25.241-b07) for windows-amd64 JRE (1.8.0_241-b07), built on Dec 11 2019 10:21:40 by "rejava" with MS VC++ 10.0 (VS2010)

time: Fri Aug 14 23:19:29 2020
timezone: 대한민국 표준시
elapsed time: 283 seconds (0d 0h 4m 43s)

