#
# A fatal error has been detected by the Java Runtime Environment:
#
#  EXCEPTION_UNCAUGHT_CXX_EXCEPTION (0xe06d7363) at pc=0x00007ffa18bca799, pid=5020, tid=0x0000000000000664
#
# JRE version: Java(TM) SE Runtime Environment (8.0_241-b07) (build 1.8.0_241-b07)
# Java VM: Java HotSpot(TM) 64-Bit Server VM (25.241-b07 mixed mode windows-amd64 compressed oops)
# Problematic frame:
# C  [KERNELBASE.dll+0x3a799]
#
# Failed to write core dump. Minidumps are not enabled by default on client versions of Windows
#
# If you would like to submit a bug report, please visit:
#   http://bugreport.java.com/bugreport/crash.jsp
# The crash happened outside the Java Virtual Machine in native code.
# See problematic frame for where to report the bug.
#

---------------  T H R E A D  ---------------

Current thread (0x0000000002842800):  JavaThread "main" [_thread_in_native, id=1636, stack(0x00000000021f0000,0x00000000022f0000)]

siginfo: ExceptionCode=0xe06d7363, ExceptionInformation=0x0000000019930520 0x00000000022d4180 0x00007ff9ea516b50 0x00007ff9ea4b0000 

Registers:
RAX=0x0000000000000000, RBX=0x00007ff9ea516b50, RCX=0x0000000000000020, RDX=0x0000000000704820
RSP=0x00000000022d3ff0, RBP=0x00000000022d4130, RSI=0x00000000022d4420, RDI=0x00000000022d4180
R8 =0x0000000000000000, R9 =0x0000000000000010, R10=0x0000000000000001, R11=0x0000000000000000
R12=0x0000000000000000, R13=0x0000000000000000, R14=0x0000000000000000, R15=0x00000000022e86b0
RIP=0x00007ffa18bca799, EFLAGS=0x0000000000000206

Top of Stack: (sp=0x00000000022d3ff0)
0x00000000022d3ff0:   00000000022d4250 00007ff9ea516b50
0x00000000022d4000:   00000000022d4420 00000000022d4000
0x00000000022d4010:   00000001e06d7363 0000000000000000
0x00000000022d4020:   00007ffa18bca799 0000000000000004
0x00000000022d4030:   0000000019930520 00000000022d4180
0x00000000022d4040:   00007ff9ea516b50 00007ff9ea4b0000
0x00000000022d4050:   0000000000000000 0000000000000000
0x00000000022d4060:   00000000022d4420 00000000022d4130
0x00000000022d4070:   00000000022d4140 00007ffa1b49f41f
0x00000000022d4080:   00000000022d4180 0000000000000000
0x00000000022d4090:   0000000000000001 00007ff9e4ec23fe
0x00000000022d40a0:   00007ff9ea51d000 00007ff9ea4b0000
0x00000000022d40b0:   0000434e91481573 00007ffa1b48bb47
0x00000000022d40c0:   00007ff9ea516b50 00007ffa0c55486d
0x00000000022d40d0:   01d6716ff0c9b3a2 00000000022d41b8
0x00000000022d40e0:   00000000022d4420 000000003609659c 

Instructions: (pc=0x00007ffa18bca799)
0x00007ffa18bca779:   8b d1 44 0f 47 c0 44 89 44 24 38 49 c1 e0 03 e8
0x00007ffa18bca789:   da 4e 05 00 48 8d 4c 24 20 48 ff 15 0f c8 16 00
0x00007ffa18bca799:   0f 1f 44 00 00 48 8b 8c 24 c0 00 00 00 48 33 cc
0x00007ffa18bca7a9:   e8 72 ef 04 00 48 81 c4 d8 00 00 00 c3 83 64 24 


Register to memory mapping:

RAX=0x0000000000000000 is an unknown value
RBX=0x00007ff9ea516b50 is an unknown value
RCX=0x0000000000000020 is an unknown value
RDX=0x0000000000704820 is an unknown value
RSP=0x00000000022d3ff0 is pointing into the stack for thread: 0x0000000002842800
RBP=0x00000000022d4130 is pointing into the stack for thread: 0x0000000002842800
RSI=0x00000000022d4420 is pointing into the stack for thread: 0x0000000002842800
RDI=0x00000000022d4180 is pointing into the stack for thread: 0x0000000002842800
R8 =0x0000000000000000 is an unknown value
R9 =0x0000000000000010 is an unknown value
R10=0x0000000000000001 is an unknown value
R11=0x0000000000000000 is an unknown value
R12=0x0000000000000000 is an unknown value
R13=0x0000000000000000 is an unknown value
R14=0x0000000000000000 is an unknown value
R15=0x00000000022e86b0 is pointing into the stack for thread: 0x0000000002842800


Stack: [0x00000000021f0000,0x00000000022f0000],  sp=0x00000000022d3ff0,  free space=911k
Native frames: (J=compiled Java code, j=interpreted, Vv=VM code, C=native code)
C  [KERNELBASE.dll+0x3a799]
C  [VCRUNTIME140.dll+0x486d]
C  [DrivingInterface.dll+0x4671c]
C  [DrivingInterface.dll+0x2d9f6]
C  [DrivingInterface.dll+0x30888]
C  [DrivingInterface.dll+0x11f92]
C  [DrivingInterface.dll+0x102dc]
C  [DrivingInterface.dll+0x28493]
C  0x0000000002961df0

Java frames: (J=compiled Java code, j=interpreted, Vv=VM code)
j  MyCar.StartDriving()V+0
j  MyCar.main([Ljava/lang/String;)V+13
v  ~StubRoutines::call_stub

---------------  P R O C E S S  ---------------

Java Threads: ( => current thread )
  0x000000001e429000 JavaThread "Service Thread" daemon [_thread_blocked, id=7024, stack(0x000000001f0f0000,0x000000001f1f0000)]
  0x000000001e3a4000 JavaThread "C1 CompilerThread3" daemon [_thread_blocked, id=2324, stack(0x000000001eff0000,0x000000001f0f0000)]
  0x000000001e399800 JavaThread "C2 CompilerThread2" daemon [_thread_blocked, id=10784, stack(0x000000001eef0000,0x000000001eff0000)]
  0x000000001e3ab000 JavaThread "C2 CompilerThread1" daemon [_thread_blocked, id=6576, stack(0x000000001edf0000,0x000000001eef0000)]
  0x000000001e3aa000 JavaThread "C2 CompilerThread0" daemon [_thread_blocked, id=7492, stack(0x000000001ecf0000,0x000000001edf0000)]
  0x000000001e2fe000 JavaThread "JDWP Command Reader" daemon [_thread_in_native, id=11332, stack(0x000000001ebf0000,0x000000001ecf0000)]
  0x000000001e2fb000 JavaThread "JDWP Event Helper Thread" daemon [_thread_blocked, id=7268, stack(0x000000001eaf0000,0x000000001ebf0000)]
  0x000000001e2f0800 JavaThread "JDWP Transport Listener: dt_socket" daemon [_thread_blocked, id=2844, stack(0x000000001e9f0000,0x000000001eaf0000)]
  0x000000001e29b000 JavaThread "Attach Listener" daemon [_thread_blocked, id=12792, stack(0x000000001e8f0000,0x000000001e9f0000)]
  0x000000001e29a000 JavaThread "Signal Dispatcher" daemon [_thread_blocked, id=12864, stack(0x000000001e7f0000,0x000000001e8f0000)]
  0x000000001e280800 JavaThread "Finalizer" daemon [_thread_blocked, id=14828, stack(0x000000001e660000,0x000000001e760000)]
  0x000000001c39d800 JavaThread "Reference Handler" daemon [_thread_blocked, id=3500, stack(0x000000001e160000,0x000000001e260000)]
=>0x0000000002842800 JavaThread "main" [_thread_in_native, id=1636, stack(0x00000000021f0000,0x00000000022f0000)]

Other Threads:
  0x000000001c399800 VMThread [stack: 0x000000001e060000,0x000000001e160000] [id=2404]
  0x000000001e51b000 WatcherThread [stack: 0x000000001f1f0000,0x000000001f2f0000] [id=256]

VM state:not at safepoint (normal execution)

VM Mutex/Monitor currently owned by a thread: None

heap address: 0x00000006c1400000, size: 4076 MB, Compressed Oops mode: Zero based, Oop shift amount: 3
Narrow klass base: 0x0000000000000000, Narrow klass shift: 3
Compressed class space size: 1073741824 Address: 0x00000007c0000000

Heap:
 PSYoungGen      total 76288K, used 9206K [0x000000076b180000, 0x0000000770680000, 0x00000007c0000000)
  eden space 65536K, 14% used [0x000000076b180000,0x000000076ba7d910,0x000000076f180000)
  from space 10752K, 0% used [0x000000076fc00000,0x000000076fc00000,0x0000000770680000)
  to   space 10752K, 0% used [0x000000076f180000,0x000000076f180000,0x000000076fc00000)
 ParOldGen       total 175104K, used 0K [0x00000006c1400000, 0x00000006cbf00000, 0x000000076b180000)
  object space 175104K, 0% used [0x00000006c1400000,0x00000006c1400000,0x00000006cbf00000)
 Metaspace       used 5066K, capacity 5202K, committed 5504K, reserved 1056768K
  class space    used 529K, capacity 561K, committed 640K, reserved 1048576K

Card table byte_map: [0x0000000011d00000,0x0000000012500000] byte_map_base: 0x000000000e6f6000

Marking Bits: (ParMarkBitMap*) 0x0000000076c9be30
 Begin Bits: [0x0000000013250000, 0x0000000017200000)
 End Bits:   [0x0000000017200000, 0x000000001b1b0000)

Polling page: 0x00000000022f0000

CodeCache: size=245760Kb used=1711Kb max_used=1711Kb free=244048Kb
 bounds [0x0000000002940000, 0x0000000002bb0000, 0x0000000011940000]
 total_blobs=497 nmethods=204 adapters=214
 compilation: enabled

Compilation events (10 events):
Event: 97.191 Thread 0x000000001e3a4000  201       3       org.eclipse.jdt.launching.internal.org.objectweb.asm.Label::addForwardReference (102 bytes)
Event: 97.192 Thread 0x000000001e3a4000 nmethod 201 0x0000000002ac79d0 code [0x0000000002ac7b60, 0x0000000002ac8008]
Event: 122.467 Thread 0x000000001e3ab000  202       4       java.util.ArrayList::get (11 bytes)
Event: 122.468 Thread 0x000000001e3ab000 nmethod 202 0x0000000002ad9e10 code [0x0000000002ad9f60, 0x0000000002ada078]
Event: 122.869 Thread 0x000000001e3a4000  203       3       MyCar::control_driving (1303 bytes)
Event: 122.888 Thread 0x000000001e3a4000 nmethod 203 0x0000000002ada190 code [0x0000000002adb0c0, 0x0000000002ae4c98]
Event: 123.068 Thread 0x000000001e3a4000  204       3       java.nio.Buffer::position (43 bytes)
Event: 123.069 Thread 0x000000001e3a4000 nmethod 204 0x0000000002ad98d0 code [0x0000000002ad9a40, 0x0000000002ad9d28]
Event: 123.572 Thread 0x000000001e3a4000  205       3       java.nio.CharBuffer::arrayOffset (35 bytes)
Event: 123.572 Thread 0x000000001e3a4000 nmethod 205 0x0000000002ad9290 code [0x0000000002ad9420, 0x0000000002ad9758]

GC Heap History (0 events):
No events

Deoptimization events (0 events):
No events

Classes redefined (5 events):
Event: 59.023 Thread 0x000000001c399800 redefined class name=MyCar, count=1
Event: 61.415 Thread 0x000000001c399800 redefined class name=MyCar, count=2
Event: 71.037 Thread 0x000000001c399800 redefined class name=MyCar, count=3
Event: 95.198 Thread 0x000000001c399800 redefined class name=MyCar, count=4
Event: 97.191 Thread 0x000000001c399800 redefined class name=MyCar, count=5

Internal exceptions (2 events):
Event: 0.096 Thread 0x0000000002842800 Exception <a 'java/lang/NoSuchMethodError': Method sun.misc.Unsafe.defineClass(Ljava/lang/String;[BII)Ljava/lang/Class; name or signature does not match> (0x000000076b187cc0) thrown at [C:\ade\jenkins\workspace\8-2-build-windows-amd64-cygwin\jdk8u241\331\
Event: 0.096 Thread 0x0000000002842800 Exception <a 'java/lang/NoSuchMethodError': Method sun.misc.Unsafe.prefetchRead(Ljava/lang/Object;J)V name or signature does not match> (0x000000076b187fa8) thrown at [C:\ade\jenkins\workspace\8-2-build-windows-amd64-cygwin\jdk8u241\331\hotspot\src\share\

Events (10 events):
Event: 59.021 Executing VM operation: RedefineClasses
Event: 59.023 Executing VM operation: RedefineClasses done
Event: 61.414 Executing VM operation: RedefineClasses
Event: 61.415 Executing VM operation: RedefineClasses done
Event: 71.035 Executing VM operation: RedefineClasses
Event: 71.037 Executing VM operation: RedefineClasses done
Event: 95.197 Executing VM operation: RedefineClasses
Event: 95.198 Executing VM operation: RedefineClasses done
Event: 97.189 Executing VM operation: RedefineClasses
Event: 97.191 Executing VM operation: RedefineClasses done


Dynamic libraries:
0x00007ff644fb0000 - 0x00007ff644fe7000 	C:\Program Files\Java\jre1.8.0_241\bin\javaw.exe
0x00007ffa1b480000 - 0x00007ffa1b670000 	C:\WINDOWS\SYSTEM32\ntdll.dll
0x00007ffa1a110000 - 0x00007ffa1a1c2000 	C:\WINDOWS\System32\KERNEL32.DLL
0x00007ffa18b90000 - 0x00007ffa18e34000 	C:\WINDOWS\System32\KERNELBASE.dll
0x00007ffa1a7d0000 - 0x00007ffa1a873000 	C:\WINDOWS\System32\ADVAPI32.dll
0x00007ffa1ac30000 - 0x00007ffa1acce000 	C:\WINDOWS\System32\msvcrt.dll
0x00007ffa1a040000 - 0x00007ffa1a0d7000 	C:\WINDOWS\System32\sechost.dll
0x00007ffa1a6b0000 - 0x00007ffa1a7d0000 	C:\WINDOWS\System32\RPCRT4.dll
0x00007ffa1ad40000 - 0x00007ffa1aed4000 	C:\WINDOWS\System32\USER32.dll
0x00007ffa19090000 - 0x00007ffa190b1000 	C:\WINDOWS\System32\win32u.dll
0x00007ffa1a0e0000 - 0x00007ffa1a106000 	C:\WINDOWS\System32\GDI32.dll
0x00007ffa18ef0000 - 0x00007ffa19086000 	C:\WINDOWS\System32\gdi32full.dll
0x00007ffa19230000 - 0x00007ffa192ce000 	C:\WINDOWS\System32\msvcp_win.dll
0x00007ffa193d0000 - 0x00007ffa194ca000 	C:\WINDOWS\System32\ucrtbase.dll
0x00007ffa01330000 - 0x00007ffa015b4000 	C:\WINDOWS\WinSxS\amd64_microsoft.windows.common-controls_6595b64144ccf1df_6.0.18362.959_none_e6c7bbbf130c62bb\COMCTL32.dll
0x00007ffa1a880000 - 0x00007ffa1abb5000 	C:\WINDOWS\System32\combase.dll
0x00007ffa192d0000 - 0x00007ffa19350000 	C:\WINDOWS\System32\bcryptPrimitives.dll
0x00007ffa1a680000 - 0x00007ffa1a6ae000 	C:\WINDOWS\System32\IMM32.DLL
0x00000000762b0000 - 0x0000000076382000 	C:\Program Files\Java\jre1.8.0_241\bin\msvcr100.dll
0x0000000076470000 - 0x0000000076d1c000 	C:\Program Files\Java\jre1.8.0_241\bin\server\jvm.dll
0x00007ffa1a610000 - 0x00007ffa1a618000 	C:\WINDOWS\System32\PSAPI.DLL
0x00007ffa107d0000 - 0x00007ffa107f4000 	C:\WINDOWS\SYSTEM32\WINMM.dll
0x00007ffa03c50000 - 0x00007ffa03c59000 	C:\WINDOWS\SYSTEM32\WSOCK32.dll
0x00007ffa0c500000 - 0x00007ffa0c50a000 	C:\WINDOWS\SYSTEM32\VERSION.dll
0x00007ffa1abc0000 - 0x00007ffa1ac2f000 	C:\WINDOWS\System32\WS2_32.dll
0x00007ffa107a0000 - 0x00007ffa107cd000 	C:\WINDOWS\SYSTEM32\winmmbase.dll
0x00007ffa19380000 - 0x00007ffa193ca000 	C:\WINDOWS\System32\cfgmgr32.dll
0x00007ffa0e1d0000 - 0x00007ffa0e1df000 	C:\Program Files\Java\jre1.8.0_241\bin\verify.dll
0x00007ff9f28a0000 - 0x00007ff9f28c9000 	C:\Program Files\Java\jre1.8.0_241\bin\java.dll
0x00007ff9ea530000 - 0x00007ff9ea565000 	C:\Program Files\Java\jre1.8.0_241\bin\jdwp.dll
0x00007ffa0fd90000 - 0x00007ffa0fd98000 	C:\Program Files\Java\jre1.8.0_241\bin\npt.dll
0x00007ffa0c420000 - 0x00007ffa0c443000 	C:\Program Files\Java\jre1.8.0_241\bin\instrument.dll
0x00007ffa02340000 - 0x00007ffa02356000 	C:\Program Files\Java\jre1.8.0_241\bin\zip.dll
0x00007ffa19530000 - 0x00007ffa19c16000 	C:\WINDOWS\System32\SHELL32.dll
0x00007ffa19f90000 - 0x00007ffa1a039000 	C:\WINDOWS\System32\shcore.dll
0x00007ffa18400000 - 0x00007ffa18b82000 	C:\WINDOWS\System32\windows.storage.dll
0x00007ffa18340000 - 0x00007ffa18363000 	C:\WINDOWS\System32\profapi.dll
0x00007ffa18390000 - 0x00007ffa183da000 	C:\WINDOWS\System32\powrprof.dll
0x00007ffa18330000 - 0x00007ffa18340000 	C:\WINDOWS\System32\UMPDC.dll
0x00007ffa19d70000 - 0x00007ffa19dc2000 	C:\WINDOWS\System32\shlwapi.dll
0x00007ffa18370000 - 0x00007ffa18381000 	C:\WINDOWS\System32\kernel.appcore.dll
0x00007ffa19210000 - 0x00007ffa19227000 	C:\WINDOWS\System32\cryptsp.dll
0x00007ffa0ea70000 - 0x00007ffa0ea79000 	C:\Program Files\Java\jre1.8.0_241\bin\dt_socket.dll
0x00007ff9f6700000 - 0x00007ff9f6716000 	C:\WINDOWS\system32\napinsp.dll
0x00007ff9f66e0000 - 0x00007ff9f66fa000 	C:\WINDOWS\system32\pnrpnsp.dll
0x00007ffa17ba0000 - 0x00007ffa17c07000 	C:\WINDOWS\System32\mswsock.dll
0x00007ffa178f0000 - 0x00007ffa179bb000 	C:\WINDOWS\SYSTEM32\DNSAPI.dll
0x00007ffa19f80000 - 0x00007ffa19f88000 	C:\WINDOWS\System32\NSI.dll
0x00007ffa178b0000 - 0x00007ffa178ea000 	C:\WINDOWS\SYSTEM32\IPHLPAPI.DLL
0x00007ff9f66d0000 - 0x00007ff9f66de000 	C:\WINDOWS\System32\winrnr.dll
0x00007ffa0e5d0000 - 0x00007ffa0e5ec000 	C:\WINDOWS\system32\NLAapi.dll
0x00007ffa109f0000 - 0x00007ffa10a05000 	C:\WINDOWS\system32\wshbth.dll
0x00007ffa0a9d0000 - 0x00007ffa0aa47000 	C:\WINDOWS\System32\fwpuclnt.dll
0x00007ffa19350000 - 0x00007ffa19376000 	C:\WINDOWS\System32\bcrypt.dll
0x00007ffa0e630000 - 0x00007ffa0e63a000 	C:\Windows\System32\rasadhlp.dll
0x00007ff9ea4b0000 - 0x00007ff9ea523000 	C:\Users\Love House\Documents\algocon\Bot_Java\v2\DrivingInterface\DrivingInterface.dll
0x00007ffa0c550000 - 0x00007ffa0c565000 	C:\Program Files\Java\jre1.8.0_241\bin\VCRUNTIME140.dll
0x00007ff9e4ec0000 - 0x00007ff9e4f5b000 	C:\Program Files\Java\jre1.8.0_241\bin\MSVCP140.dll
0x00007ffa16c40000 - 0x00007ffa16e34000 	C:\WINDOWS\SYSTEM32\dbghelp.dll

VM Arguments:
jvm_args: -agentlib:jdwp=transport=dt_socket,suspend=y,address=localhost:14083 -javaagent:C:\Users\Love House\eclipse\jee-2019-123\eclipse\configuration\org.eclipse.osgi\411\0\.cp\lib\javaagent-shaded.jar -Dfile.encoding=UTF-8 
java_command: MyCar
java_class_path (initial): C:\Users\Love House\Documents\algocon\Bot_Java\v2\Build\Release;C:\Users\Love House\eclipse\jee-2019-123\eclipse\configuration\org.eclipse.osgi\411\0\.cp\lib\javaagent-shaded.jar
Launcher Type: SUN_STANDARD

Environment Variables:
JAVA_HOME=C:\Program Files\Java\jdk1.8.0_241
PATH=C:/Program Files/Java/jre1.8.0_241/bin/server;C:/Program Files/Java/jre1.8.0_241/bin;C:/Program Files/Java/jre1.8.0_241/lib/amd64;C:\Program Files (x86)\Common Files\Oracle\Java\javapath;C:\Program Files (x86)\Intel\Intel(R) Management Engine Components\iCLS\;C:\Program Files\Intel\Intel(R) Management Engine Components\iCLS\;C:\WINDOWS\system32;C:\WINDOWS;C:\WINDOWS\System32\Wbem;C:\WINDOWS\System32\WindowsPowerShell\v1.0\;C:\Program Files\Intel\WiFi\bin\;C:\Program Files\Common Files\Intel\WirelessCommon\;C:\WINDOWS\System32\OpenSSH\;C:\Program Files (x86)\Intel\Intel(R) Management Engine Components\DAL;C:\Program Files\Intel\Intel(R) Management Engine Components\DAL;C:\Program Files\Java\jdk1.8.0_241\bin;C:\Program Files\MySQL\MySQL Shell 8.0\bin\;C:\Users\Love House\AppData\Local\Microsoft\WindowsApps;;C:\Users\Love House\AppData\Local\Programs\Microsoft VS Code\bin;C:\Users\Love House\Desktop;
USERNAME=Love House
OS=Windows_NT
PROCESSOR_IDENTIFIER=Intel64 Family 6 Model 142 Stepping 10, GenuineIntel



---------------  S Y S T E M  ---------------

OS: Windows 10.0 , 64 bit Build 18362 (10.0.18362.959)

CPU:total 8 (initial active 8) (4 cores per cpu, 2 threads per core) family 6 model 142 stepping 10, cmov, cx8, fxsr, mmx, sse, sse2, sse3, ssse3, sse4.1, sse4.2, popcnt, avx, avx2, aes, clmul, erms, 3dnowpref, lzcnt, ht, tsc, tscinvbit, bmi1, bmi2, adx

Memory: 4k page, physical 16690612k(10149488k free), swap 19180980k(11483548k free)

vm_info: Java HotSpot(TM) 64-Bit Server VM (25.241-b07) for windows-amd64 JRE (1.8.0_241-b07), built on Dec 11 2019 10:21:40 by "rejava" with MS VC++ 10.0 (VS2010)

time: Thu Aug 13 21:47:45 2020
timezone: 대한민국 표준시
elapsed time: 260 seconds (0d 0h 4m 20s)

